20:00:44.183 [main] INFO  utils.Log - Start ChromeBrowser
20:00:47.006 [main] INFO  utils.Log - maximize chrome browser
20:00:49.864 [main] INFO  utils.Log - +++++++++++++++++++++++++++++++++
20:00:49.864 [main] INFO  utils.Log - Started test case :validLoginTest
20:00:49.865 [main] INFO  utils.Log - Start time :2022.12.22.20.00.49
20:00:49.865 [main] INFO  utils.Log - +++++++++++++++++++++++++++++++++
20:00:50.458 [main] INFO  utils.Log - Called method <waitForElementToBeVisible> on element with locator :By.id: log
20:00:50.672 [main] INFO  utils.Log - called clear on method<sendKeys> on element null
20:00:50.735 [main] INFO  utils.Log - called sendKeys on method<sendKeys> on element null
20:00:50.837 [main] INFO  utils.Log - Called method <waitForElementToBeVisible> on element with locator :By.id: password
20:00:50.937 [main] INFO  utils.Log - called clear on method<sendKeys> on element null
20:00:51.003 [main] INFO  utils.Log - called sendKeys on method<sendKeys> on element null
20:00:51.099 [main] INFO  utils.Log - Called method <waitForElementToBeClickable> on element with locator :By.xpath: //input[@class='submit_button']
20:00:51.169 [main] INFO  utils.Log - called method <Click()> on element :null
20:00:51.906 [main] INFO  utils.Log - Called method <waitForElementToBeClickable> on element with locator :By.cssSelector: li[class='menu_user_logout']
20:00:55.779 [main] INFO  utils.Log - called method <Click()> on element :null
20:00:56.619 [main] INFO  utils.Log - +++++++++++++++++++++++++++++++++
20:00:56.619 [main] INFO  utils.Log - Passed test case :validLoginTest
20:00:56.619 [main] INFO  utils.Log - End time :2022.12.22.20.00.56
20:00:56.620 [main] INFO  utils.Log - +++++++++++++++++++++++++++++++++
20:01:02.884 [main] INFO  utils.Log - Start ChromeBrowser
20:01:03.951 [main] INFO  utils.Log - maximize chrome browser
20:01:05.788 [main] INFO  utils.Log - +++++++++++++++++++++++++++++++++
20:01:05.788 [main] INFO  utils.Log - Started test case :invalidLoginTest
20:01:05.789 [main] INFO  utils.Log - Start time :2022.12.22.20.01.05
20:01:05.789 [main] INFO  utils.Log - +++++++++++++++++++++++++++++++++
20:01:06.333 [main] INFO  utils.Log - Called method <waitForElementToBeVisible> on element with locator :By.id: log
20:01:06.503 [main] INFO  utils.Log - called clear on method<sendKeys> on element null
20:01:06.608 [main] INFO  utils.Log - called sendKeys on method<sendKeys> on element null
20:01:06.704 [main] INFO  utils.Log - Called method <waitForElementToBeVisible> on element with locator :By.id: password
20:01:06.783 [main] INFO  utils.Log - called clear on method<sendKeys> on element null
20:01:06.840 [main] INFO  utils.Log - called sendKeys on method<sendKeys> on element null
20:01:06.926 [main] INFO  utils.Log - Called method <waitForElementToBeClickable> on element with locator :By.xpath: //input[@class='submit_button']
20:01:06.992 [main] INFO  utils.Log - called method <Click()> on element :null
20:01:17.091 [main] ERROR utils.Log - +++++++++++++++++++++++++++++++++
20:01:17.091 [main] ERROR utils.Log - Failed test case :invalidLoginTest
20:01:17.092 [main] ERROR utils.Log - Failed time :2022.12.22.20.01.17
20:01:17.093 [main] ERROR utils.Log - org.openqa.selenium.NoSuchElementException: no such element: Unable to locate element: {"method":"css selector","selector":"div[class*='sc_infobox_style_success']"}
  (Session info: chrome=108.0.5359.125)
For documentation on this error, please visit: https://selenium.dev/exceptions/#no_such_element
Build info: version: '4.5.3', revision: '4b786a1e430'
System info: os.name: 'Windows 10', os.arch: 'amd64', os.version: '10.0', java.version: '18.0.2.1'
Driver info: org.openqa.selenium.chrome.ChromeDriver
Command: [a7be650d59fb0dc8cfbe320a53eaf899, findElement {using=css selector, value=div[class*='sc_infobox_style_success']}]
Capabilities {acceptInsecureCerts: false, browserName: chrome, browserVersion: 108.0.5359.125, chrome: {chromedriverVersion: 108.0.5359.71 (1e0e3868ee06..., userDataDir: C:\Users\Bogdan\AppData\Loc...}, goog:chromeOptions: {debuggerAddress: localhost:55480}, networkConnectionEnabled: false, pageLoadStrategy: normal, platformName: WINDOWS, proxy: Proxy(), se:cdp: ws://localhost:55480/devtoo..., se:cdpVersion: 108.0.5359.125, setWindowRect: true, strictFileInteractability: false, timeouts: {implicit: 0, pageLoad: 300000, script: 30000}, unhandledPromptBehavior: dismiss and notify, webauthn:extension:credBlob: true, webauthn:extension:largeBlob: true, webauthn:virtualAuthenticators: true}
Session ID: a7be650d59fb0dc8cfbe320a53eaf899
20:01:17.094 [main] ERROR utils.Log - ++++++++++++++++++++++++++++++++++++
